#
# A fatal error has been detected by the Java Runtime Environment:
#
#  SIGSEGV (0xb) at pc=0x000000012065f5dd, pid=391, tid=1811
#
# JRE version: Java(TM) SE Runtime Environment (8.0_40-b27) (build 1.8.0_40-b27)
# Java VM: Java HotSpot(TM) 64-Bit Server VM (25.40-b25 mixed mode bsd-amd64 compressed oops)
# Problematic frame:
# C  [libglass.dylib+0x155dd]  GlassScreenDidChangeScreenParameters+0x9d
#
# Failed to write core dump. Core dumps have been disabled. To enable core dumping, try "ulimit -c unlimited" before starting Java again
#
# If you would like to submit a bug report, please visit:
#   http://bugreport.java.com/bugreport/crash.jsp
#

---------------  T H R E A D  ---------------

Current thread is native thread

siginfo: si_signo: 11 (SIGSEGV), si_code: 1 (SEGV_MAPERR), si_addr: 0x0000000000000000

Registers:
RAX=0x0000000120691bc0, RBX=0x0000000000000000, RCX=0xc40017847a4d0493, RDX=0x00007fa9a2b5d540
RSP=0x00007fff57066fd0, RBP=0x00007fff57066fe0, RSI=0x00007fa9a0704e40, RDI=0x0000000000000000
R8 =0x00007fff57066e80, R9 =0x00007fff7a92a300, R10=0x0000000000000000, R11=0x0000000000000246
R12=0x00007fa9a05156d0, R13=0x00000000000f426a, R14=0x00007fa9a0691c90, R15=0x00007fff57067120
RIP=0x000000012065f5dd, EFLAGS=0x0000000000010202, ERR=0x0000000000000004
  TRAPNO=0x000000000000000e

Top of Stack: (sp=0x00007fff57066fd0)
0x00007fff57066fd0:   00007fff570671b0 00007fa9a0691c90
0x00007fff57066fe0:   00007fff57066ff0 00007fff9492b45c
0x00007fff57066ff0:   00007fff57067350 00007fff9481b634
0x00007fff57067000:   00007fff57067050 0000000000001e00
0x00007fff57067010:   00007fff7a3c7ed0 00007fa9a047b630
0x00007fff57067020:   0000000000001003 0000000000000978
0x00007fff57067030:   00007fa9a047b630 00007fa9a0691c90
0x00007fff57067040:   0000000000000000 00007fff57067120
0x00007fff57067050:   0000000000000000 00007fa9a068ddc0
0x00007fff57067060:   00007fff570671a0 0000000000000065
0x00007fff57067070:   00000000000f4377 00007fa9a2a3bbc0
0x00007fff57067080:   00007fa9a054c810 00007fa9a05156d0
0x00007fff57067090:   0000000000000001 00000000000f426a
0x00007fff570670a0:   00007fa9a05156c0 00007fff90aa2acb
0x00007fff570670b0:   0000000000000001 0000000000000001
0x00007fff570670c0:   0000000000000030 0000000000000001
0x00007fff570670d0:   00007fff570670f0 00007fff90aa8231
0x00007fff570670e0:   00007fff7a3c5fb0 0000000000000000
0x00007fff570670f0:   00007fff57067110 000000000000000c
0x00007fff57067100:   0006a903a688c000 00007fa9a05156f4
0x00007fff57067110:   0000000000000000 00007fff9481110f
0x00007fff57067120:   00007fa9a0691c90 00007fff7a3c5fb0
0x00007fff57067130:   00007fff570671b0 00007fff94819c3f
0x00007fff57067140:   00007fff570671b4 0000000000566c01
0x00007fff57067150:   0000000108bb4a00 0000000000000002
0x00007fff57067160:   0000000108bb1000 00007fa9a2a3a8c2
0x00007fff57067170:   0000000000000003 0000000108bb6800
0x00007fff57067180:   00007fff57067270 00007fff90aa12a2
0x00007fff57067190:   00007fa9a0661710 00007fff57067358
0x00007fff570671a0:   0000000000000017 0000000000000000
0x00007fff570671b0:   00000000000f426a 00007fff94811403
0x00007fff570671c0:   00007fff00000000 00007fa9a05512b0 

Instructions: (pc=0x000000012065f5dd)
0x000000012065f5bd:   89 df 4c 89 f1 41 ff 90 68 04 00 00 48 8d 05 f8
0x000000012065f5cd:   24 03 00 48 8b 30 48 8d 05 e6 25 03 00 48 8b 10
0x000000012065f5dd:   48 8b 0b 30 c0 48 89 df ff 91 68 04 00 00 48 8b
0x000000012065f5ed:   03 48 89 df ff 50 78 48 85 c0 74 36 49 89 c6 48 

Register to memory mapping:

RAX=0x0000000120691bc0: jScreenNotifySettingsChanged+0 in /Library/Java/JavaVirtualMachines/jdk1.8.0_40.jdk/Contents/Home/jre/lib/libglass.dylib at 0x000000012064a000
RBX=0x0000000000000000 is an unknown value
RCX=0xc40017847a4d0493 is an unknown value
RDX=0x00007fa9a2b5d540 is an unknown value
RSP=0x00007fff57066fd0 is an unknown value
RBP=0x00007fff57066fe0 is an unknown value
RSI=0x00007fa9a0704e40 is a global jni handle
RDI=0x0000000000000000 is an unknown value
R8 =0x00007fff57066e80 is an unknown value
R9 =0x00007fff7a92a300: _thread+0 in /usr/lib/system/libsystem_pthread.dylib at 0x00007fff971a8000
R10=0x0000000000000000 is an unknown value
R11=0x0000000000000246 is an unknown value
R12=0x00007fa9a05156d0 is an unknown value
R13=0x00000000000f426a is an unknown value
R14=0x00007fa9a0691c90 is an unknown value
R15=0x00007fff57067120 is an unknown value


Stack: [0x00007fff5686a000,0x00007fff5706a000],  sp=0x00007fff57066fd0,  free space=8179k
Native frames: (J=compiled Java code, j=interpreted, Vv=VM code, C=native code)
C  [libglass.dylib+0x155dd]  GlassScreenDidChangeScreenParameters+0x9d
C  [CoreFoundation+0x12045c]  __CFNOTIFICATIONCENTER_IS_CALLING_OUT_TO_AN_OBSERVER__+0xc
C  [CoreFoundation+0x10634]  _CFXNotificationPost+0xc44
C  [Foundation+0x79d1]  -[NSNotificationCenter postNotificationName:object:userInfo:]+0x42
C  [AppKit+0x40df7e]  -[NSApplication _reactToScreenInvalidationImmediately:]+0x17b
C  [AppKit+0x40ddc7]  __44-[NSApplication _reactToScreenInvalidation:]_block_invoke+0x4b
C  [CoreFoundation+0x808ec]  __CFRUNLOOP_IS_CALLING_OUT_TO_A_BLOCK__+0xc
C  [CoreFoundation+0x729f5]  __CFRunLoopDoBlocks+0x155
C  [CoreFoundation+0x72536]  __CFRunLoopRun+0x716
C  [CoreFoundation+0x71bd8]  CFRunLoopRunSpecific+0x128
C  [java+0x6490]  CreateExecutionEnvironment+0x367
C  [java+0x221c]  JLI_Launch+0x7a0
C  [java+0x84ed]  main+0x65
C  [java+0x1a74]  start+0x34


---------------  P R O C E S S  ---------------

VM state:not at safepoint (normal execution)

VM Mutex/Monitor currently owned by a thread: None

Heap:
 PSYoungGen      total 111104K, used 10942K [0x00000007aab00000, 0x00000007b2200000, 0x00000007c0000000)
  eden space 106496K, 8% used [0x00000007aab00000,0x00000007ab41fb80,0x00000007b1300000)
  from space 4608K, 34% used [0x00000007b1d80000,0x00000007b1f10000,0x00000007b2200000)
  to   space 7680K, 0% used [0x00000007b1300000,0x00000007b1300000,0x00000007b1a80000)
 ParOldGen       total 42496K, used 32909K [0x0000000780000000, 0x0000000782980000, 0x00000007aab00000)
  object space 42496K, 77% used [0x0000000780000000,0x0000000782023490,0x0000000782980000)
 Metaspace       used 23492K, capacity 25022K, committed 25088K, reserved 1071104K
  class space    used 3241K, capacity 3562K, committed 3584K, reserved 1048576K

Card table byte_map: [0x00000001199c0000,0x0000000119bc1000] byte_map_base: 0x0000000115dc0000

Marking Bits: (ParMarkBitMap*) 0x000000010956a7a0
 Begin Bits: [0x000000011a123000, 0x000000011b123000)
 End Bits:   [0x000000011b123000, 0x000000011c123000)

Polling page: 0x0000000109d6e000

CodeCache: size=245760Kb used=15369Kb max_used=15388Kb free=230390Kb
 bounds [0x000000010a600000, 0x000000010b520000, 0x0000000119600000]
 total_blobs=5099 nmethods=4403 adapters=608
 compilation: enabled

Compilation events (10 events):
Event: 76.935 Thread 0x00007fa9a185a800 4948       4       sun.net.www.MessageHeader::mergeHeader (382 bytes)
Event: 77.003 Thread 0x00007fa9a185a800 nmethod 4948 0x000000010b5177d0 code [0x000000010b517a80, 0x000000010b51ac90]
Event: 77.118 Thread 0x00007fa9a185b000 4949       4       java.util.Locale::hashCode (41 bytes)
Event: 77.119 Thread 0x00007fa9a185b000 nmethod 4949 0x000000010abf4410 code [0x000000010abf4560, 0x000000010abf45d8]
Event: 77.169 Thread 0x00007fa9a185a800 4950       4       sun.net.www.ParseUtil::quote (217 bytes)
Event: 77.174 Thread 0x00007fa9a185a800 nmethod 4950 0x000000010b4fc1d0 code [0x000000010b4fc340, 0x000000010b4fc6d8]
Event: 78.380 Thread 0x00007fa9a185d000 4951       3       java.io.BufferedReader::<init> (62 bytes)
Event: 78.381 Thread 0x00007fa9a185b000 4952       4       java.lang.String::valueOf (14 bytes)
Event: 78.381 Thread 0x00007fa9a185d000 nmethod 4951 0x000000010b4ff010 code [0x000000010b4ff1c0, 0x000000010b4ff6f8]
Event: 78.381 Thread 0x00007fa9a185b000 nmethod 4952 0x000000010b4f4990 code [0x000000010b4f4ae0, 0x000000010b4f4b58]

GC Heap History (10 events):
Event: 4.635 GC heap before
{Heap before GC invocations=11 (full 1):
 PSYoungGen      total 44032K, used 40214K [0x00000007aab00000, 0x00000007aed80000, 0x00000007c0000000)
  eden space 36864K, 99% used [0x00000007aab00000,0x00000007acee4488,0x00000007acf00000)
  from space 7168K, 48% used [0x00000007acf00000,0x00000007ad2614e0,0x00000007ad600000)
  to   space 7168K, 0% used [0x00000007ae680000,0x00000007ae680000,0x00000007aed80000)
 ParOldGen       total 42496K, used 25423K [0x0000000780000000, 0x0000000782980000, 0x00000007aab00000)
  object space 42496K, 59% used [0x0000000780000000,0x00000007818d3ff8,0x0000000782980000)
 Metaspace       used 21308K, capacity 22484K, committed 22528K, reserved 1069056K
  class space    used 3075K, capacity 3315K, committed 3328K, reserved 1048576K
Event: 4.648 GC heap after
Heap after GC invocations=11 (full 1):
 PSYoungGen      total 60416K, used 544K [0x00000007aab00000, 0x00000007af000000, 0x00000007c0000000)
  eden space 53248K, 0% used [0x00000007aab00000,0x00000007aab00000,0x00000007adf00000)
  from space 7168K, 7% used [0x00000007ae680000,0x00000007ae708000,0x00000007aed80000)
  to   space 7680K, 0% used [0x00000007adf00000,0x00000007adf00000,0x00000007ae680000)
 ParOldGen       total 42496K, used 28509K [0x0000000780000000, 0x0000000782980000, 0x00000007aab00000)
  object space 42496K, 67% used [0x0000000780000000,0x0000000781bd74e8,0x0000000782980000)
 Metaspace       used 21308K, capacity 22484K, committed 22528K, reserved 1069056K
  class space    used 3075K, capacity 3315K, committed 3328K, reserved 1048576K
}
Event: 4.718 GC heap before
{Heap before GC invocations=12 (full 1):
 PSYoungGen      total 60416K, used 53792K [0x00000007aab00000, 0x00000007af000000, 0x00000007c0000000)
  eden space 53248K, 100% used [0x00000007aab00000,0x00000007adf00000,0x00000007adf00000)
  from space 7168K, 7% used [0x00000007ae680000,0x00000007ae708000,0x00000007aed80000)
  to   space 7680K, 0% used [0x00000007adf00000,0x00000007adf00000,0x00000007ae680000)
 ParOldGen       total 42496K, used 28509K [0x0000000780000000, 0x0000000782980000, 0x00000007aab00000)
  object space 42496K, 67% used [0x0000000780000000,0x0000000781bd74e8,0x0000000782980000)
 Metaspace       used 21359K, capacity 22624K, committed 22912K, reserved 1069056K
  class space    used 3082K, capacity 3381K, committed 3456K, reserved 1048576K
Event: 4.723 GC heap after
Heap after GC invocations=12 (full 1):
 PSYoungGen      total 60928K, used 768K [0x00000007aab00000, 0x00000007b0780000, 0x00000007c0000000)
  eden space 53248K, 0% used [0x00000007aab00000,0x00000007aab00000,0x00000007adf00000)
  from space 7680K, 10% used [0x00000007adf00000,0x00000007adfc0000,0x00000007ae680000)
  to   space 7680K, 0% used [0x00000007b0000000,0x00000007b0000000,0x00000007b0780000)
 ParOldGen       total 42496K, used 28709K [0x0000000780000000, 0x0000000782980000, 0x00000007aab00000)
  object space 42496K, 67% used [0x0000000780000000,0x0000000781c094e8,0x0000000782980000)
 Metaspace       used 21359K, capacity 22624K, committed 22912K, reserved 1069056K
  class space    used 3082K, capacity 3381K, committed 3456K, reserved 1048576K
}
Event: 8.420 GC heap before
{Heap before GC invocations=13 (full 1):
 PSYoungGen      total 60928K, used 53979K [0x00000007aab00000, 0x00000007b0780000, 0x00000007c0000000)
  eden space 53248K, 99% used [0x00000007aab00000,0x00000007adef6fa8,0x00000007adf00000)
  from space 7680K, 10% used [0x00000007adf00000,0x00000007adfc0000,0x00000007ae680000)
  to   space 7680K, 0% used [0x00000007b0000000,0x00000007b0000000,0x00000007b0780000)
 ParOldGen       total 42496K, used 28709K [0x0000000780000000, 0x0000000782980000, 0x00000007aab00000)
  object space 42496K, 67% used [0x0000000780000000,0x0000000781c094e8,0x0000000782980000)
 Metaspace       used 21781K, capacity 23056K, committed 23168K, reserved 1069056K
  class space    used 3126K, capacity 3413K, committed 3456K, reserved 1048576K
Event: 8.424 GC heap after
Heap after GC invocations=13 (full 1):
 PSYoungGen      total 82944K, used 1638K [0x00000007aab00000, 0x00000007b0580000, 0x00000007c0000000)
  eden space 77312K, 0% used [0x00000007aab00000,0x00000007aab00000,0x00000007af680000)
  from space 5632K, 29% used [0x00000007b0000000,0x00000007b0199b00,0x00000007b0580000)
  to   space 7680K, 0% used [0x00000007af680000,0x00000007af680000,0x00000007afe00000)
 ParOldGen       total 42496K, used 28997K [0x0000000780000000, 0x0000000782980000, 0x00000007aab00000)
  object space 42496K, 68% used [0x0000000780000000,0x0000000781c514e8,0x0000000782980000)
 Metaspace       used 21781K, capacity 23056K, committed 23168K, reserved 1069056K
  class space    used 3126K, capacity 3413K, committed 3456K, reserved 1048576K
}
Event: 45.590 GC heap before
{Heap before GC invocations=14 (full 1):
 PSYoungGen      total 82944K, used 78950K [0x00000007aab00000, 0x00000007b0580000, 0x00000007c0000000)
  eden space 77312K, 100% used [0x00000007aab00000,0x00000007af680000,0x00000007af680000)
  from space 5632K, 29% used [0x00000007b0000000,0x00000007b0199b00,0x00000007b0580000)
  to   space 7680K, 0% used [0x00000007af680000,0x00000007af680000,0x00000007afe00000)
 ParOldGen       total 42496K, used 28997K [0x0000000780000000, 0x0000000782980000, 0x00000007aab00000)
  object space 42496K, 68% used [0x0000000780000000,0x0000000781c514e8,0x0000000782980000)
 Metaspace       used 22870K, capacity 24338K, committed 24576K, reserved 1071104K
  class space    used 3234K, capacity 3554K, committed 3584K, reserved 1048576K
Event: 45.603 GC heap after
Heap after GC invocations=14 (full 1):
 PSYoungGen      total 84992K, used 3856K [0x00000007aab00000, 0x00000007b2500000, 0x00000007c0000000)
  eden space 77312K, 0% used [0x00000007aab00000,0x00000007aab00000,0x00000007af680000)
  from space 7680K, 50% used [0x00000007af680000,0x00000007afa44010,0x00000007afe00000)
  to   space 7680K, 0% used [0x00000007b1d80000,0x00000007b1d80000,0x00000007b2500000)
 ParOldGen       total 42496K, used 30234K [0x0000000780000000, 0x0000000782980000, 0x00000007aab00000)
  object space 42496K, 71% used [0x0000000780000000,0x0000000781d86be8,0x0000000782980000)
 Metaspace       used 22870K, capacity 24338K, committed 24576K, reserved 1071104K
  class space    used 3234K, capacity 3554K, committed 3584K, reserved 1048576K
}
Event: 74.619 GC heap before
{Heap before GC invocations=15 (full 1):
 PSYoungGen      total 84992K, used 81168K [0x00000007aab00000, 0x00000007b2500000, 0x00000007c0000000)
  eden space 77312K, 100% used [0x00000007aab00000,0x00000007af680000,0x00000007af680000)
  from space 7680K, 50% used [0x00000007af680000,0x00000007afa44010,0x00000007afe00000)
  to   space 7680K, 0% used [0x00000007b1d80000,0x00000007b1d80000,0x00000007b2500000)
 ParOldGen       total 42496K, used 30234K [0x0000000780000000, 0x0000000782980000, 0x00000007aab00000)
  object space 42496K, 71% used [0x0000000780000000,0x0000000781d86be8,0x0000000782980000)
 Metaspace       used 23482K, capacity 25022K, committed 25088K, reserved 1071104K
  class space    used 3241K, capacity 3562K, committed 3584K, reserved 1048576K
Event: 74.629 GC heap after
Heap after GC invocations=15 (full 1):
 PSYoungGen      total 111104K, used 1600K [0x00000007aab00000, 0x00000007b2200000, 0x00000007c0000000)
  eden space 106496K, 0% used [0x00000007aab00000,0x00000007aab00000,0x00000007b1300000)
  from space 4608K, 34% used [0x00000007b1d80000,0x00000007b1f10000,0x00000007b2200000)
  to   space 7680K, 0% used [0x00000007b1300000,0x00000007b1300000,0x00000007b1a80000)
 ParOldGen       total 42496K, used 32909K [0x0000000780000000, 0x0000000782980000, 0x00000007aab00000)
  object space 42496K, 77% used [0x0000000780000000,0x0000000782023490,0x0000000782980000)
 Metaspace       used 23482K, capacity 25022K, committed 25088K, reserved 1071104K
  class space    used 3241K, capacity 3562K, committed 3584K, reserved 1048576K
}

Deoptimization events (10 events):
Event: 38.656 Thread 0x00007fa9a1a72000 Uncommon trap: reason=bimorphic action=maybe_recompile pc=0x000000010ae9388c method=java.util.AbstractCollection.toArray()[Ljava/lang/Object; @ 1
Event: 38.659 Thread 0x00007fa9a1a72000 Uncommon trap: reason=unstable_if action=reinterpret pc=0x000000010a914ae0 method=javafx.scene.CssStyleHelper.lookupInheritedFontProperty(Ljavafx/css/Styleable;Ljava/lang/String;Lcom/sun/javafx/css/StyleMap;ILcom/sun/javafx/css/CascadingStyle;)Lcom/sun/ja
Event: 38.799 Thread 0x00007fa9a1a72000 Uncommon trap: reason=unstable_if action=reinterpret pc=0x000000010af26458 method=javafx.scene.Node.updateLocalToParentTransform()V @ 337
Event: 52.582 Thread 0x00007fa9a1a72000 Uncommon trap: reason=unstable_if action=reinterpret pc=0x000000010b2435e0 method=javafx.scene.CssStyleHelper.transitionToState(Ljavafx/scene/Node;)V @ 331
Event: 66.736 Thread 0x00007fa9a1a72000 Uncommon trap: reason=class_check action=maybe_recompile pc=0x000000010ad735a0 method=javafx.scene.Node.updateLocalToParentTransform()V @ 11
Event: 68.503 Thread 0x00007fa9a1a72000 Uncommon trap: reason=unstable_if action=reinterpret pc=0x000000010b2c0a38 method=javafx.scene.Node.reapplyCss()V @ 59
Event: 68.505 Thread 0x00007fa9a1a72000 Uncommon trap: reason=unstable_if action=reinterpret pc=0x000000010ab49e9c method=javafx.scene.Node.reapplyCss()V @ 59
Event: 68.743 Thread 0x00007fa9a1a72000 Uncommon trap: reason=class_check action=maybe_recompile pc=0x000000010ad735a0 method=javafx.scene.Node.updateLocalToParentTransform()V @ 11
Event: 70.575 Thread 0x00007fa9a1a72000 Uncommon trap: reason=predicate action=maybe_recompile pc=0x000000010b369250 method=java.util.ArrayList.remove(Ljava/lang/Object;)Z @ 49
Event: 70.591 Thread 0x00007fa9a1a72000 Uncommon trap: reason=bimorphic action=maybe_recompile pc=0x000000010ae9388c method=java.util.AbstractCollection.toArray()[Ljava/lang/Object; @ 1

Internal exceptions (10 events):
Event: 1.897 Thread 0x00007fa9a1a72000 Implicit null exception at 0x000000010a9723b5 to 0x000000010a9725ed
Event: 2.121 Thread 0x00007fa9a1a72000 Exception <a 'java/lang/ArrayIndexOutOfBoundsException'> (0x00000007aaf969e8) thrown at [/Users/java_re/workspace/8-2-build-macosx-x86_64/jdk8u40/3153/hotspot/src/share/vm/runtime/sharedRuntime.cpp, line 605]
Event: 2.145 Thread 0x00007fa9a1a72000 Exception <a 'java/lang/ArrayIndexOutOfBoundsException'> (0x00000007ab126ef0) thrown at [/Users/java_re/workspace/8-2-build-macosx-x86_64/jdk8u40/3153/hotspot/src/share/vm/runtime/sharedRuntime.cpp, line 605]
Event: 2.150 Thread 0x00007fa9a1a72000 Exception <a 'java/lang/ArrayIndexOutOfBoundsException'> (0x00000007ab1d6098) thrown at [/Users/java_re/workspace/8-2-build-macosx-x86_64/jdk8u40/3153/hotspot/src/share/vm/runtime/sharedRuntime.cpp, line 605]
Event: 3.225 Thread 0x00007fa9a1a72000 Implicit null exception at 0x000000010ab9fa1d to 0x000000010aba00dd
Event: 7.425 Thread 0x00007fa9a1a72000 Implicit null exception at 0x000000010ab53323 to 0x000000010ab536df
Event: 7.425 Thread 0x00007fa9a1a72000 Exception <a 'java/lang/NullPointerException'> (0x00000007ab8dd058) thrown at [/Users/java_re/workspace/8-2-build-macosx-x86_64/jdk8u40/3153/hotspot/src/share/vm/runtime/sharedRuntime.cpp, line 605]
Event: 7.430 Thread 0x00007fa9a1a72000 Exception <a 'java/lang/reflect/InvocationTargetException'> (0x00000007ab900b38) thrown at [/Users/java_re/workspace/8-2-build-macosx-x86_64/jdk8u40/3153/hotspot/src/share/vm/runtime/reflection.cpp, line 1080]
Event: 7.431 Thread 0x00007fa9a1a72000 Exception <a 'java/lang/RuntimeException'> (0x00000007ab9011c8) thrown at [/Users/java_re/workspace/8-2-build-macosx-x86_64/jdk8u40/3153/hotspot/src/share/vm/prims/jvm.cpp, line 1386]
Event: 38.488 Thread 0x00007fa9a1a72000 Implicit null exception at 0x000000010aefd178 to 0x000000010af04aa9

Events (10 events):
Event: 74.630 Executing VM operation: RevokeBias
Event: 74.630 Executing VM operation: RevokeBias done
Event: 76.935 Thread 0x00007fa9a1135000 DEOPT PACKING pc=0x000000010adc700e sp=0x000000012409abc0
Event: 76.935 Thread 0x00007fa9a1135000 DEOPT UNPACKING pc=0x000000010a647633 sp=0x000000012409a980 mode 0
Event: 77.598 Executing VM operation: RevokeBias
Event: 77.598 Executing VM operation: RevokeBias done
Event: 77.598 Executing VM operation: RevokeBias
Event: 77.599 Executing VM operation: RevokeBias done
Event: 77.599 Thread 0x00007fa9a45ed000 Thread exited: 0x00007fa9a45ed000
Event: 77.599 Thread 0x00007fa9a45ed000 Thread added: 0x00007fa9a45ed000


Dynamic libraries:
0x000000000850b000 	/System/Library/Frameworks/Cocoa.framework/Versions/A/Cocoa
0x000000000850b000 	/System/Library/Frameworks/Security.framework/Versions/A/Security
0x000000000850b000 	/System/Library/Frameworks/ApplicationServices.framework/Versions/A/ApplicationServices
0x000000000850b000 	/usr/lib/libz.1.dylib
0x000000000850b000 	/usr/lib/libSystem.B.dylib
0x000000000850b000 	/usr/lib/libobjc.A.dylib
0x000000000850b000 	/System/Library/Frameworks/CoreFoundation.framework/Versions/A/CoreFoundation
0x000000000850b000 	/System/Library/Frameworks/Foundation.framework/Versions/C/Foundation
0x000000000850b000 	/System/Library/Frameworks/AppKit.framework/Versions/C/AppKit
0x000000000850b000 	/System/Library/Frameworks/CoreData.framework/Versions/A/CoreData
0x000000000850b000 	/System/Library/PrivateFrameworks/RemoteViewServices.framework/Versions/A/RemoteViewServices
0x000000000850b000 	/System/Library/PrivateFrameworks/UIFoundation.framework/Versions/A/UIFoundation
0x000000000850b000 	/System/Library/Frameworks/IOSurface.framework/Versions/A/IOSurface
0x000000000850b000 	/System/Library/Frameworks/AudioToolbox.framework/Versions/A/AudioToolbox
0x000000000850b000 	/System/Library/Frameworks/AudioUnit.framework/Versions/A/AudioUnit
0x000000000850b000 	/System/Library/PrivateFrameworks/DataDetectorsCore.framework/Versions/A/DataDetectorsCore
0x000000000850b000 	/System/Library/PrivateFrameworks/DesktopServicesPriv.framework/Versions/A/DesktopServicesPriv
0x000000000850b000 	/System/Library/Frameworks/Carbon.framework/Versions/A/Frameworks/HIToolbox.framework/Versions/A/HIToolbox
0x000000000850b000 	/System/Library/Frameworks/QuartzCore.framework/Versions/A/QuartzCore
0x000000000850b000 	/System/Library/Frameworks/Carbon.framework/Versions/A/Frameworks/SpeechRecognition.framework/Versions/A/SpeechRecognition
0x000000000850b000 	/usr/lib/libauto.dylib
0x000000000850b000 	/usr/lib/libicucore.A.dylib
0x000000000850b000 	/usr/lib/libxml2.2.dylib
0x000000000850b000 	/System/Library/PrivateFrameworks/CoreUI.framework/Versions/A/CoreUI
0x000000000850b000 	/System/Library/Frameworks/CoreAudio.framework/Versions/A/CoreAudio
0x000000000850b000 	/System/Library/Frameworks/DiskArbitration.framework/Versions/A/DiskArbitration
0x000000000850b000 	/usr/lib/liblangid.dylib
0x000000000850b000 	/System/Library/PrivateFrameworks/MultitouchSupport.framework/Versions/A/MultitouchSupport
0x000000000850b000 	/System/Library/Frameworks/IOKit.framework/Versions/A/IOKit
0x000000000850b000 	/usr/lib/libDiagnosticMessagesClient.dylib
0x000000000850b000 	/System/Library/Frameworks/CoreServices.framework/Versions/A/CoreServices
0x000000000850b000 	/System/Library/PrivateFrameworks/PerformanceAnalysis.framework/Versions/A/PerformanceAnalysis
0x000000000850b000 	/System/Library/PrivateFrameworks/GenerationalStorage.framework/Versions/A/GenerationalStorage
0x000000000850b000 	/System/Library/Frameworks/OpenGL.framework/Versions/A/OpenGL
0x000000000850b000 	/System/Library/PrivateFrameworks/Sharing.framework/Versions/A/Sharing
0x000000000850b000 	/System/Library/Frameworks/CoreGraphics.framework/Versions/A/CoreGraphics
0x000000000850b000 	/System/Library/Frameworks/CoreText.framework/Versions/A/CoreText
0x000000000850b000 	/System/Library/Frameworks/ImageIO.framework/Versions/A/ImageIO
0x000000000850b000 	/usr/lib/libextension.dylib
0x000000000850b000 	/System/Library/PrivateFrameworks/Backup.framework/Versions/A/Backup
0x000000000850b000 	/usr/lib/libarchive.2.dylib
0x000000000850b000 	/System/Library/Frameworks/CFNetwork.framework/Versions/A/CFNetwork
0x000000000850b000 	/System/Library/Frameworks/SystemConfiguration.framework/Versions/A/SystemConfiguration
0x000000000850b000 	/usr/lib/libCRFSuite.dylib
0x000000000850b000 	/usr/lib/libc++.1.dylib
0x000000000850b000 	/usr/lib/libc++abi.dylib
0x000000000850b000 	/usr/lib/system/libcache.dylib
0x000000000850b000 	/usr/lib/system/libcommonCrypto.dylib
0x000000000850b000 	/usr/lib/system/libcompiler_rt.dylib
0x000000000850b000 	/usr/lib/system/libcopyfile.dylib
0x000000000850b000 	/usr/lib/system/libcorecrypto.dylib
0x000000000850b000 	/usr/lib/system/libdispatch.dylib
0x000000000850b000 	/usr/lib/system/libdyld.dylib
0x000000000850b000 	/usr/lib/system/libkeymgr.dylib
0x000000000850b000 	/usr/lib/system/liblaunch.dylib
0x000000000850b000 	/usr/lib/system/libmacho.dylib
0x000000000850b000 	/usr/lib/system/libquarantine.dylib
0x000000000850b000 	/usr/lib/system/libremovefile.dylib
0x000000000850b000 	/usr/lib/system/libsystem_asl.dylib
0x000000000850b000 	/usr/lib/system/libsystem_blocks.dylib
0x000000000850b000 	/usr/lib/system/libsystem_c.dylib
0x000000000850b000 	/usr/lib/system/libsystem_configuration.dylib
0x000000000850b000 	/usr/lib/system/libsystem_coreservices.dylib
0x000000000850b000 	/usr/lib/system/libsystem_coretls.dylib
0x000000000850b000 	/usr/lib/system/libsystem_dnssd.dylib
0x000000000850b000 	/usr/lib/system/libsystem_info.dylib
0x000000000850b000 	/usr/lib/system/libsystem_kernel.dylib
0x000000000850b000 	/usr/lib/system/libsystem_m.dylib
0x000000000850b000 	/usr/lib/system/libsystem_malloc.dylib
0x000000000850b000 	/usr/lib/system/libsystem_network.dylib
0x000000000850b000 	/usr/lib/system/libsystem_networkextension.dylib
0x000000000850b000 	/usr/lib/system/libsystem_notify.dylib
0x000000000850b000 	/usr/lib/system/libsystem_platform.dylib
0x000000000850b000 	/usr/lib/system/libsystem_pthread.dylib
0x000000000850b000 	/usr/lib/system/libsystem_sandbox.dylib
0x000000000850b000 	/usr/lib/system/libsystem_secinit.dylib
0x000000000850b000 	/usr/lib/system/libsystem_stats.dylib
0x000000000850b000 	/usr/lib/system/libsystem_trace.dylib
0x000000000850b000 	/usr/lib/system/libunc.dylib
0x000000000850b000 	/usr/lib/system/libunwind.dylib
0x000000000850b000 	/usr/lib/system/libxpc.dylib
0x000000000850b000 	/usr/lib/libbz2.1.0.dylib
0x000000000850b000 	/usr/lib/liblzma.5.dylib
0x000000000850b000 	/usr/lib/libbsm.0.dylib
0x000000000850b000 	/usr/lib/libsqlite3.dylib
0x000000000850b000 	/usr/lib/system/libkxld.dylib
0x000000000850b000 	/usr/lib/libxar.1.dylib
0x000000000850b000 	/usr/lib/libpam.2.dylib
0x000000000850b000 	/usr/lib/libOpenScriptingUtil.dylib
0x000000000850b000 	/System/Library/Frameworks/CoreServices.framework/Versions/A/Frameworks/FSEvents.framework/Versions/A/FSEvents
0x000000000850b000 	/System/Library/Frameworks/CoreServices.framework/Versions/A/Frameworks/CarbonCore.framework/Versions/A/CarbonCore
0x000000000850b000 	/System/Library/Frameworks/CoreServices.framework/Versions/A/Frameworks/Metadata.framework/Versions/A/Metadata
0x000000000850b000 	/System/Library/Frameworks/CoreServices.framework/Versions/A/Frameworks/OSServices.framework/Versions/A/OSServices
0x000000000850b000 	/System/Library/Frameworks/CoreServices.framework/Versions/A/Frameworks/SearchKit.framework/Versions/A/SearchKit
0x000000000850b000 	/System/Library/Frameworks/CoreServices.framework/Versions/A/Frameworks/AE.framework/Versions/A/AE
0x000000000850b000 	/System/Library/Frameworks/CoreServices.framework/Versions/A/Frameworks/LaunchServices.framework/Versions/A/LaunchServices
0x000000000850b000 	/System/Library/Frameworks/CoreServices.framework/Versions/A/Frameworks/DictionaryServices.framework/Versions/A/DictionaryServices
0x000000000850b000 	/System/Library/Frameworks/NetFS.framework/Versions/A/NetFS
0x000000000850b000 	/System/Library/PrivateFrameworks/NetAuth.framework/Versions/A/NetAuth
0x000000000850b000 	/System/Library/PrivateFrameworks/login.framework/Versions/A/Frameworks/loginsupport.framework/Versions/A/loginsupport
0x000000000850b000 	/System/Library/PrivateFrameworks/TCC.framework/Versions/A/TCC
0x000000000850b000 	/usr/lib/libmecabra.dylib
0x000000000850b000 	/System/Library/Frameworks/ApplicationServices.framework/Versions/A/Frameworks/ATS.framework/Versions/A/ATS
0x000000000850b000 	/System/Library/Frameworks/ApplicationServices.framework/Versions/A/Frameworks/ColorSync.framework/Versions/A/ColorSync
0x000000000850b000 	/System/Library/Frameworks/ApplicationServices.framework/Versions/A/Frameworks/HIServices.framework/Versions/A/HIServices
0x000000000850b000 	/System/Library/Frameworks/ApplicationServices.framework/Versions/A/Frameworks/LangAnalysis.framework/Versions/A/LangAnalysis
0x000000000850b000 	/System/Library/Frameworks/ApplicationServices.framework/Versions/A/Frameworks/PrintCore.framework/Versions/A/PrintCore
0x000000000850b000 	/System/Library/Frameworks/ApplicationServices.framework/Versions/A/Frameworks/QD.framework/Versions/A/QD
0x000000000850b000 	/System/Library/Frameworks/ApplicationServices.framework/Versions/A/Frameworks/SpeechSynthesis.framework/Versions/A/SpeechSynthesis
0x000000000850b000 	/System/Library/Frameworks/Accelerate.framework/Versions/A/Accelerate
0x000000000850b000 	/System/Library/Frameworks/Accelerate.framework/Versions/A/Frameworks/vImage.framework/Versions/A/vImage
0x000000000850b000 	/System/Library/Frameworks/Accelerate.framework/Versions/A/Frameworks/vecLib.framework/Versions/A/vecLib
0x000000000850b000 	/System/Library/Frameworks/Accelerate.framework/Versions/A/Frameworks/vecLib.framework/Versions/A/libvDSP.dylib
0x000000000850b000 	/System/Library/Frameworks/Accelerate.framework/Versions/A/Frameworks/vecLib.framework/Versions/A/libvMisc.dylib
0x000000000850b000 	/System/Library/Frameworks/Accelerate.framework/Versions/A/Frameworks/vecLib.framework/Versions/A/libLAPACK.dylib
0x000000000850b000 	/System/Library/Frameworks/Accelerate.framework/Versions/A/Frameworks/vecLib.framework/Versions/A/libBLAS.dylib
0x000000000850b000 	/System/Library/Frameworks/Accelerate.framework/Versions/A/Frameworks/vecLib.framework/Versions/A/libLinearAlgebra.dylib
0x000000000850b000 	/System/Library/Frameworks/ApplicationServices.framework/Versions/A/Frameworks/ATS.framework/Versions/A/Resources/libFontParser.dylib
0x000000000850b000 	/System/Library/Frameworks/ApplicationServices.framework/Versions/A/Frameworks/ATS.framework/Versions/A/Resources/libFontRegistry.dylib
0x000000000850b000 	/System/Library/PrivateFrameworks/AppleVPA.framework/Versions/A/AppleVPA
0x000000000850b000 	/System/Library/PrivateFrameworks/AppleJPEG.framework/Versions/A/AppleJPEG
0x000000000850b000 	/System/Library/Frameworks/ImageIO.framework/Versions/A/Resources/libJPEG.dylib
0x000000000850b000 	/System/Library/Frameworks/ImageIO.framework/Versions/A/Resources/libTIFF.dylib
0x000000000850b000 	/System/Library/Frameworks/ImageIO.framework/Versions/A/Resources/libPng.dylib
0x000000000850b000 	/System/Library/Frameworks/ImageIO.framework/Versions/A/Resources/libGIF.dylib
0x000000000850b000 	/System/Library/Frameworks/ImageIO.framework/Versions/A/Resources/libJP2.dylib
0x000000000850b000 	/System/Library/Frameworks/ImageIO.framework/Versions/A/Resources/libRadiance.dylib
0x000000000850b000 	/System/Library/Frameworks/CoreVideo.framework/Versions/A/CoreVideo
0x000000000850b000 	/System/Library/Frameworks/OpenGL.framework/Versions/A/Libraries/libGLU.dylib
0x000000000850b000 	/System/Library/Frameworks/OpenGL.framework/Versions/A/Libraries/libGFXShared.dylib
0x000000000850b000 	/System/Library/Frameworks/OpenGL.framework/Versions/A/Libraries/libGL.dylib
0x000000000850b000 	/System/Library/Frameworks/OpenGL.framework/Versions/A/Libraries/libGLImage.dylib
0x000000000850b000 	/System/Library/Frameworks/OpenGL.framework/Versions/A/Libraries/libCVMSPluginSupport.dylib
0x000000000850b000 	/System/Library/Frameworks/OpenGL.framework/Versions/A/Libraries/libCoreVMClient.dylib
0x000000000850b000 	/usr/lib/libcups.2.dylib
0x000000000850b000 	/System/Library/Frameworks/Kerberos.framework/Versions/A/Kerberos
0x000000000850b000 	/System/Library/Frameworks/GSS.framework/Versions/A/GSS
0x000000000850b000 	/usr/lib/libresolv.9.dylib
0x000000000850b000 	/usr/lib/libiconv.2.dylib
0x000000000850b000 	/System/Library/PrivateFrameworks/Heimdal.framework/Versions/A/Heimdal
0x000000000850b000 	/usr/lib/libheimdal-asn1.dylib
0x000000000850b000 	/System/Library/Frameworks/OpenDirectory.framework/Versions/A/OpenDirectory
0x000000000850b000 	/System/Library/PrivateFrameworks/CommonAuth.framework/Versions/A/CommonAuth
0x000000000850b000 	/System/Library/Frameworks/OpenDirectory.framework/Versions/A/Frameworks/CFOpenDirectory.framework/Versions/A/CFOpenDirectory
0x000000000850b000 	/System/Library/Frameworks/SecurityFoundation.framework/Versions/A/SecurityFoundation
0x000000000850b000 	/System/Library/PrivateFrameworks/LanguageModeling.framework/Versions/A/LanguageModeling
0x000000000850b000 	/usr/lib/libcmph.dylib
0x000000000850b000 	/System/Library/Frameworks/ServiceManagement.framework/Versions/A/ServiceManagement
0x000000000850b000 	/usr/lib/libxslt.1.dylib
0x000000000850b000 	/System/Library/Frameworks/Carbon.framework/Versions/A/Frameworks/Ink.framework/Versions/A/Ink
0x000000000850b000 	/System/Library/Frameworks/QuartzCore.framework/Versions/A/Frameworks/CoreImage.framework/Versions/A/CoreImage
0x000000000850b000 	/System/Library/PrivateFrameworks/CrashReporterSupport.framework/Versions/A/CrashReporterSupport
0x000000000850b000 	/System/Library/Frameworks/OpenCL.framework/Versions/A/OpenCL
0x000000000850b000 	/System/Library/PrivateFrameworks/FaceCore.framework/Versions/A/FaceCore
0x000000000850b000 	/System/Library/PrivateFrameworks/Ubiquity.framework/Versions/A/Ubiquity
0x000000000850b000 	/System/Library/PrivateFrameworks/IconServices.framework/Versions/A/IconServices
0x000000000850b000 	/System/Library/PrivateFrameworks/ChunkingLibrary.framework/Versions/A/ChunkingLibrary
0x000000000850b000 	/System/Library/PrivateFrameworks/Apple80211.framework/Versions/A/Apple80211
0x000000000850b000 	/System/Library/Frameworks/CoreWLAN.framework/Versions/A/CoreWLAN
0x000000000850b000 	/System/Library/Frameworks/IOBluetooth.framework/Versions/A/IOBluetooth
0x000000000850b000 	/System/Library/PrivateFrameworks/CoreWiFi.framework/Versions/A/CoreWiFi
0x000000000850b000 	/System/Library/Frameworks/CoreBluetooth.framework/Versions/A/CoreBluetooth
0x000000000850b000 	/System/Library/PrivateFrameworks/DebugSymbols.framework/Versions/A/DebugSymbols
0x000000000850b000 	/System/Library/PrivateFrameworks/CoreSymbolication.framework/Versions/A/CoreSymbolication
0x000000000850b000 	/System/Library/PrivateFrameworks/Symbolication.framework/Versions/A/Symbolication
0x000000000850b000 	/System/Library/PrivateFrameworks/SpeechRecognitionCore.framework/Versions/A/SpeechRecognitionCore
0x0000000108be2000 	/System/Library/CoreServices/Encodings/libSimplifiedChineseConverter.dylib
0x0000000108ca8000 	/Library/Java/JavaVirtualMachines/jdk1.8.0_40.jdk/Contents/Home/jre/lib/server/libjvm.dylib
0x000000000850b000 	/usr/lib/libstdc++.6.dylib
0x0000000109d2b000 	/Library/Java/JavaVirtualMachines/jdk1.8.0_40.jdk/Contents/Home/jre/lib/libverify.dylib
0x0000000109d39000 	/Library/Java/JavaVirtualMachines/jdk1.8.0_40.jdk/Contents/Home/jre/lib/libjava.dylib
0x0000000109d78000 	/Library/Java/JavaVirtualMachines/jdk1.8.0_40.jdk/Contents/Home/jre/lib/libzip.dylib
0x000000011e092000 	/System/Library/Frameworks/JavaVM.framework/Frameworks/JavaRuntimeSupport.framework/JavaRuntimeSupport
0x000000011e0aa000 	/System/Library/Frameworks/JavaVM.framework/Versions/A/Frameworks/JavaNativeFoundation.framework/Versions/A/JavaNativeFoundation
0x000000011e0bf000 	/System/Library/Frameworks/JavaVM.framework/Versions/A/JavaVM
0x000000000850b000 	/System/Library/Frameworks/Carbon.framework/Versions/A/Carbon
0x000000011e0cc000 	/System/Library/PrivateFrameworks/JavaLaunching.framework/Versions/A/JavaLaunching
0x000000000850b000 	/System/Library/Frameworks/Carbon.framework/Versions/A/Frameworks/CommonPanels.framework/Versions/A/CommonPanels
0x000000000850b000 	/System/Library/Frameworks/Carbon.framework/Versions/A/Frameworks/Help.framework/Versions/A/Help
0x000000000850b000 	/System/Library/Frameworks/Carbon.framework/Versions/A/Frameworks/ImageCapture.framework/Versions/A/ImageCapture
0x000000000850b000 	/System/Library/Frameworks/Carbon.framework/Versions/A/Frameworks/OpenScripting.framework/Versions/A/OpenScripting
0x000000000850b000 	/System/Library/Frameworks/Carbon.framework/Versions/A/Frameworks/Print.framework/Versions/A/Print
0x000000000850b000 	/System/Library/Frameworks/Carbon.framework/Versions/A/Frameworks/SecurityHI.framework/Versions/A/SecurityHI
0x0000000120199000 	/Library/Java/JavaVirtualMachines/jdk1.8.0_40.jdk/Contents/Home/jre/lib/libprism_es2.dylib
0x000000000850b000 	/System/Library/Frameworks/OpenGL.framework/Versions/A/Resources/GLEngine.bundle/GLEngine
0x000000000850b000 	/System/Library/Frameworks/OpenGL.framework/Versions/A/Libraries/libGLProgrammability.dylib
0x0000000000000000 	/System/Library/Extensions/AppleIntelHD4000GraphicsGLDriver.bundle/Contents/MacOS/AppleIntelHD4000GraphicsGLDriver
0x000000000850b000 	/System/Library/PrivateFrameworks/IOAccelerator.framework/Versions/A/IOAccelerator
0x000000000850b000 	/System/Library/PrivateFrameworks/GPUSupport.framework/Versions/A/Libraries/libGPUSupportMercury.dylib
0x000000000850b000 	/System/Library/Frameworks/OpenGL.framework/Versions/A/Resources/GLRendererFloat.bundle/GLRendererFloat
0x000000000850b000 	/System/Library/Frameworks/OpenCL.framework/Versions/A/Libraries/libcldcpuengine.dylib
0x000000000850b000 	/System/Library/PrivateFrameworks/DiskImages.framework/Versions/A/DiskImages
0x000000000850b000 	/System/Library/Frameworks/DiscRecording.framework/Versions/A/DiscRecording
0x000000000850b000 	/usr/lib/libcsfde.dylib
0x000000000850b000 	/usr/lib/libcurl.4.dylib
0x000000000850b000 	/System/Library/PrivateFrameworks/MediaKit.framework/Versions/A/MediaKit
0x000000000850b000 	/System/Library/PrivateFrameworks/ProtectedCloudStorage.framework/Versions/A/ProtectedCloudStorage
0x000000000850b000 	/usr/lib/libCoreStorage.dylib
0x000000000850b000 	/System/Library/PrivateFrameworks/EFILogin.framework/Versions/A/EFILogin
0x000000000850b000 	/usr/lib/libutil.dylib
0x000000000850b000 	/System/Library/PrivateFrameworks/FindMyDevice.framework/Versions/A/FindMyDevice
0x000000000850b000 	/System/Library/Frameworks/LDAP.framework/Versions/A/LDAP
0x000000000850b000 	/usr/lib/libsasl2.2.dylib
0x000000000850b000 	/System/Library/PrivateFrameworks/CoreDaemon.framework/Versions/B/CoreDaemon
0x000000000850b000 	/usr/lib/libcrypto.0.9.8.dylib
0x000000000850b000 	/System/Library/PrivateFrameworks/AppleSRP.framework/Versions/A/AppleSRP
0x000000000850b000 	/System/Library/PrivateFrameworks/TrustEvaluationAgent.framework/Versions/A/TrustEvaluationAgent
0x000000012064a000 	/Library/Java/JavaVirtualMachines/jdk1.8.0_40.jdk/Contents/Home/jre/lib/libglass.dylib
0x000000000850b000 	/System/Library/PrivateFrameworks/CoreServicesInternal.framework/Versions/A/CoreServicesInternal
0x000000000850b000 	/System/Library/PrivateFrameworks/CloudDocs.framework/Versions/A/CloudDocs
0x000000000850b000 	/System/Library/PrivateFrameworks/CoreDuet.framework/Versions/A/CoreDuet
0x000000000850b000 	/System/Library/Frameworks/CloudKit.framework/Versions/A/CloudKit
0x000000000850b000 	/System/Library/PrivateFrameworks/ProtocolBuffer.framework/Versions/A/ProtocolBuffer
0x000000000850b000 	/System/Library/PrivateFrameworks/CoreDuetDaemonProtocol.framework/Versions/A/CoreDuetDaemonProtocol
0x000000000850b000 	/System/Library/PrivateFrameworks/CoreDuetDebugLogging.framework/Versions/A/CoreDuetDebugLogging
0x000000000850b000 	/System/Library/PrivateFrameworks/MMCS.framework/Versions/A/MMCS
0x000000000850b000 	/System/Library/Frameworks/CoreLocation.framework/Versions/A/CoreLocation
0x000000000850b000 	/System/Library/PrivateFrameworks/GeoServices.framework/Versions/A/GeoServices
0x000000000850b000 	/System/Library/Frameworks/CoreGraphics.framework/Versions/A/Resources/libCGCMS.A.dylib
0x000000000850b000 	/System/Library/CoreServices/RawCamera.bundle/Contents/MacOS/RawCamera
0x000000000850b000 	/System/Library/Frameworks/CoreGraphics.framework/Versions/A/Resources/libRIP.A.dylib
0x000000000850b000 	/System/Library/PrivateFrameworks/FamilyControls.framework/Versions/A/FamilyControls
0x000000000850b000 	/System/Library/PrivateFrameworks/CommerceKit.framework/Versions/A/Frameworks/CommerceCore.framework/Versions/A/CommerceCore
0x000000000850b000 	/System/Library/PrivateFrameworks/SystemAdministration.framework/Versions/A/SystemAdministration
0x000000000850b000 	/System/Library/PrivateFrameworks/AppContainer.framework/Versions/A/AppContainer
0x000000000850b000 	/System/Library/PrivateFrameworks/SecCodeWrapper.framework/Versions/A/SecCodeWrapper
0x000000000850b000 	/System/Library/Frameworks/DirectoryService.framework/Versions/A/DirectoryService
0x000000000850b000 	/System/Library/PrivateFrameworks/LoginUIKit.framework/Versions/A/Frameworks/LoginUICore.framework/Versions/A/LoginUICore
0x000000000850b000 	/usr/lib/libodfde.dylib
0x0000000124455000 	/Library/Java/JavaVirtualMachines/jdk1.8.0_40.jdk/Contents/Home/jre/lib/libnet.dylib
0x00000001246b4000 	/Library/Java/JavaVirtualMachines/jdk1.8.0_40.jdk/Contents/Home/jre/lib/libjavafx_font.dylib
0x000000000850b000 	/System/Library/Frameworks/CoreGraphics.framework/Versions/A/Resources/libCGXType.A.dylib
0x000000012424e000 	cl_kernels
0x0000000128ca2000 	/System/Library/Frameworks/OpenCL.framework/Versions/A/Libraries/ImageFormats/unorm8_bgra.dylib
0x0000000124253000 	cl_kernels
0x000000012208a000 	/Library/Java/JavaVirtualMachines/jdk1.8.0_40.jdk/Contents/Home/jre/lib/libprism_common.dylib

VM Arguments:
jvm_args: -Dfile.encoding=UTF-8 
java_command: AnyQuantProject.ui.controllerUI.Main
java_class_path (initial): /Users/G/GitHub/AnyQuant_Project/project/AnyQuantProject/target/classes:/Users/G/Downloads/json-lib-2.4-jdk15.jar:/Users/G/.m2/repository/com/belerweb/pinyin4j/2.5.0/pinyin4j-2.5.0.jar:/Users/G/.m2/repository/net/sf/json-lib/json-lib/2.4/json-lib-2.4-jdk15.jar:/Users/G/.m2/repository/commons-logging/commons-logging/1.1.1/commons-logging-1.1.1.jar:/Users/G/.m2/repository/net/sf/ezmorph/ezmorph/1.0.6/ezmorph-1.0.6.jar:/Users/G/.m2/repository/commons-beanutils/commons-beanutils/1.9.2/commons-beanutils-1.9.2.jar:/Users/G/.m2/repository/commons-collections/commons-collections/3.1/commons-collections-3.1.jar:/Users/G/.m2/repository/commons-lang/commons-lang/2.5/commons-lang-2.5.jar:/Users/G/.m2/repository/org/json/json/20160212/json-20160212.jar:/Users/G/.m2/repository/org/python/jython/2.7.0/jython-2.7.0.jar
Launcher Type: SUN_STANDARD

Environment Variables:
PATH=/usr/bin:/bin:/usr/sbin:/sbin
SHELL=/bin/bash

Signal Handlers:
SIGSEGV: [libjvm.dylib+0x58ef95], sa_mask[0]=11111111011111110111111111111111, sa_flags=SA_ONSTACK|SA_RESTART|SA_SIGINFO
SIGBUS: [libjvm.dylib+0x58ef95], sa_mask[0]=11111111011111110111111111111111, sa_flags=SA_RESTART|SA_SIGINFO
SIGFPE: [libjvm.dylib+0x46c118], sa_mask[0]=11111111011111110111111111111111, sa_flags=SA_RESTART|SA_SIGINFO
SIGPIPE: [libjvm.dylib+0x46c118], sa_mask[0]=11111111011111110111111111111111, sa_flags=SA_RESTART|SA_SIGINFO
SIGXFSZ: [libjvm.dylib+0x46c118], sa_mask[0]=11111111011111110111111111111111, sa_flags=SA_RESTART|SA_SIGINFO
SIGILL: [libjvm.dylib+0x46c118], sa_mask[0]=11111111011111110111111111111111, sa_flags=SA_RESTART|SA_SIGINFO
SIGUSR1: SIG_DFL, sa_mask[0]=00000000000000000000000000000000, sa_flags=none
SIGUSR2: [libjvm.dylib+0x46bc36], sa_mask[0]=00100000000000000000000000000000, sa_flags=SA_RESTART|SA_SIGINFO
SIGHUP: [libjvm.dylib+0x46a209], sa_mask[0]=11111111011111110111111111111111, sa_flags=SA_RESTART|SA_SIGINFO
SIGINT: [libjvm.dylib+0x46a209], sa_mask[0]=11111111011111110111111111111111, sa_flags=SA_RESTART|SA_SIGINFO
SIGTERM: [libjvm.dylib+0x46a209], sa_mask[0]=11111111011111110111111111111111, sa_flags=SA_RESTART|SA_SIGINFO
SIGQUIT: [libjvm.dylib+0x46a209], sa_mask[0]=11111111011111110111111111111111, sa_flags=SA_RESTART|SA_SIGINFO


---------------  S Y S T E M  ---------------

OS:Bsduname:Darwin 14.3.0 Darwin Kernel Version 14.3.0: Mon Mar 23 11:59:05 PDT 2015; root:xnu-2782.20.48~5/RELEASE_X86_64 x86_64
rlimit: STACK 8192k, CORE 0k, NPROC 709, NOFILE 10240, AS infinity
load average:5.07 4.30 1.93

CPU:total 4 (2 cores per cpu, 2 threads per core) family 6 model 58 stepping 9, cmov, cx8, fxsr, mmx, sse, sse2, sse3, ssse3, sse4.1, sse4.2, popcnt, avx, aes, clmul, erms, ht, tsc, tscinvbit, tscinv

Memory: 4k page, physical 4194304k(640824k free)

/proc/meminfo:


vm_info: Java HotSpot(TM) 64-Bit Server VM (25.40-b25) for bsd-amd64 JRE (1.8.0_40-b27), built on Mar 13 2015 04:46:52 by "java_re" with gcc 4.2.1 (Based on Apple Inc. build 5658) (LLVM build 2336.11.00)

time: Thu Mar 10 10:08:55 2016
elapsed time: 78 seconds (0d 0h 1m 18s)

